[24-Oct-2024 13:03:14 UTC] PHP Warning:  Undefined variable $style_path in /home/u688141072/domains/transparentcard.com/public_html/wp-content/plugins/web-to-print-online-designer/includes/block_woo/cart-item-blocks-integration.php on line 240
[24-Oct-2024 13:03:14 UTC] PHP Warning:  Undefined variable $style_path in /home/u688141072/domains/transparentcard.com/public_html/wp-content/plugins/web-to-print-online-designer/includes/block_woo/cart-item-blocks-integration.php on line 240
[24-Oct-2024 13:03:15 UTC] PHP Deprecated:  Return type of Ai1wm_Recursive_Directory_Iterator::hasChildren($allow_links = true) should either be compatible with RecursiveDirectoryIterator::hasChildren(bool $allowLinks = false): bool, or the #[\ReturnTypeWillChange] attribute should be used to temporarily suppress the notice in /home/u688141072/domains/transparentcard.com/public_html/wp-content/plugins/All-In-One-WP-Migration-With-Import-master/lib/vendor/servmask/iterator/class-ai1wm-recursive-directory-iterator.php on line 57
[24-Oct-2024 13:03:15 UTC] PHP Deprecated:  Return type of Ai1wm_Recursive_Directory_Iterator::rewind() should either be compatible with FilesystemIterator::rewind(): void, or the #[\ReturnTypeWillChange] attribute should be used to temporarily suppress the notice in /home/u688141072/domains/transparentcard.com/public_html/wp-content/plugins/All-In-One-WP-Migration-With-Import-master/lib/vendor/servmask/iterator/class-ai1wm-recursive-directory-iterator.php on line 35
[24-Oct-2024 13:03:15 UTC] PHP Deprecated:  Return type of Ai1wm_Recursive_Directory_Iterator::next() should either be compatible with DirectoryIterator::next(): void, or the #[\ReturnTypeWillChange] attribute should be used to temporarily suppress the notice in /home/u688141072/domains/transparentcard.com/public_html/wp-content/plugins/All-In-One-WP-Migration-With-Import-master/lib/vendor/servmask/iterator/class-ai1wm-recursive-directory-iterator.php on line 42
[24-Oct-2024 13:03:15 UTC] PHP Deprecated:  Return type of Ai1wm_Recursive_Extension_Filter::getChildren() should either be compatible with RecursiveFilterIterator::getChildren(): ?RecursiveFilterIterator, or the #[\ReturnTypeWillChange] attribute should be used to temporarily suppress the notice in /home/u688141072/domains/transparentcard.com/public_html/wp-content/plugins/All-In-One-WP-Migration-With-Import-master/lib/vendor/servmask/filter/class-ai1wm-recursive-extension-filter.php on line 47
[24-Oct-2024 13:03:15 UTC] PHP Deprecated:  Return type of Ai1wm_Recursive_Extension_Filter::accept() should either be compatible with FilterIterator::accept(): bool, or the #[\ReturnTypeWillChange] attribute should be used to temporarily suppress the notice in /home/u688141072/domains/transparentcard.com/public_html/wp-content/plugins/All-In-One-WP-Migration-With-Import-master/lib/vendor/servmask/filter/class-ai1wm-recursive-extension-filter.php on line 37
[24-Oct-2024 13:03:15 UTC] PHP Deprecated:  Return type of Ai1wm_Recursive_Exclude_Filter::getChildren() should either be compatible with RecursiveFilterIterator::getChildren(): ?RecursiveFilterIterator, or the #[\ReturnTypeWillChange] attribute should be used to temporarily suppress the notice in /home/u688141072/domains/transparentcard.com/public_html/wp-content/plugins/All-In-One-WP-Migration-With-Import-master/lib/vendor/servmask/filter/class-ai1wm-recursive-exclude-filter.php on line 41
[24-Oct-2024 13:03:15 UTC] PHP Deprecated:  Return type of Ai1wm_Recursive_Exclude_Filter::accept() should either be compatible with FilterIterator::accept(): bool, or the #[\ReturnTypeWillChange] attribute should be used to temporarily suppress the notice in /home/u688141072/domains/transparentcard.com/public_html/wp-content/plugins/All-In-One-WP-Migration-With-Import-master/lib/vendor/servmask/filter/class-ai1wm-recursive-exclude-filter.php on line 37
[24-Oct-2024 13:03:15 UTC] PHP Deprecated:  Return type of Ai1wm_Recursive_Newline_Filter::accept() should either be compatible with FilterIterator::accept(): bool, or the #[\ReturnTypeWillChange] attribute should be used to temporarily suppress the notice in /home/u688141072/domains/transparentcard.com/public_html/wp-content/plugins/All-In-One-WP-Migration-With-Import-master/lib/vendor/servmask/filter/class-ai1wm-recursive-newline-filter.php on line 28
[24-Oct-2024 13:03:15 UTC] PHP Deprecated:  Creation of dynamic property NBD_Updates::$remote_url is deprecated in /home/u688141072/domains/transparentcard.com/public_html/wp-content/plugins/web-to-print-online-designer/includes/class-updates.php on line 25
[24-Oct-2024 13:03:15 UTC] PHP Deprecated:  Creation of dynamic property My_Design_Endpoint::$query_vars is deprecated in /home/u688141072/domains/transparentcard.com/public_html/wp-content/plugins/web-to-print-online-designer/includes/class.my.design.php on line 17
[24-Oct-2024 13:03:15 UTC] PHP Deprecated:  Creation of dynamic property Jet_Reviews_Ajax_Handlers::$sys_messages is deprecated in /home/u688141072/domains/transparentcard.com/public_html/wp-content/plugins/jet-reviews/includes/ajax-handlers.php on line 36
[24-Oct-2024 13:03:15 UTC] PHP Warning:  Undefined variable $style_path in /home/u688141072/domains/transparentcard.com/public_html/wp-content/plugins/web-to-print-online-designer/includes/block_woo/cart-item-blocks-integration.php on line 240
[24-Oct-2024 13:03:15 UTC] PHP Warning:  Undefined variable $style_path in /home/u688141072/domains/transparentcard.com/public_html/wp-content/plugins/web-to-print-online-designer/includes/block_woo/cart-item-blocks-integration.php on line 240
[24-Oct-2024 13:03:16 UTC] PHP Deprecated:  rtrim(): Passing null to parameter #1 ($string) of type string is deprecated in /home/u688141072/domains/transparentcard.com/public_html/wp-includes/formatting.php on line 2819
[24-Oct-2024 13:03:17 UTC] PHP Deprecated:  rtrim(): Passing null to parameter #1 ($string) of type string is deprecated in /home/u688141072/domains/transparentcard.com/public_html/wp-includes/formatting.php on line 2819
[24-Oct-2024 13:03:22 UTC] PHP Deprecated:  Return type of Ai1wm_Recursive_Directory_Iterator::hasChildren($allow_links = true) should either be compatible with RecursiveDirectoryIterator::hasChildren(bool $allowLinks = false): bool, or the #[\ReturnTypeWillChange] attribute should be used to temporarily suppress the notice in /home/u688141072/domains/transparentcard.com/public_html/wp-content/plugins/All-In-One-WP-Migration-With-Import-master/lib/vendor/servmask/iterator/class-ai1wm-recursive-directory-iterator.php on line 57
[24-Oct-2024 13:03:22 UTC] PHP Deprecated:  Return type of Ai1wm_Recursive_Directory_Iterator::rewind() should either be compatible with FilesystemIterator::rewind(): void, or the #[\ReturnTypeWillChange] attribute should be used to temporarily suppress the notice in /home/u688141072/domains/transparentcard.com/public_html/wp-content/plugins/All-In-One-WP-Migration-With-Import-master/lib/vendor/servmask/iterator/class-ai1wm-recursive-directory-iterator.php on line 35
[24-Oct-2024 13:03:22 UTC] PHP Deprecated:  Return type of Ai1wm_Recursive_Directory_Iterator::next() should either be compatible with DirectoryIterator::next(): void, or the #[\ReturnTypeWillChange] attribute should be used to temporarily suppress the notice in /home/u688141072/domains/transparentcard.com/public_html/wp-content/plugins/All-In-One-WP-Migration-With-Import-master/lib/vendor/servmask/iterator/class-ai1wm-recursive-directory-iterator.php on line 42
[24-Oct-2024 13:03:22 UTC] PHP Deprecated:  Return type of Ai1wm_Recursive_Extension_Filter::getChildren() should either be compatible with RecursiveFilterIterator::getChildren(): ?RecursiveFilterIterator, or the #[\ReturnTypeWillChange] attribute should be used to temporarily suppress the notice in /home/u688141072/domains/transparentcard.com/public_html/wp-content/plugins/All-In-One-WP-Migration-With-Import-master/lib/vendor/servmask/filter/class-ai1wm-recursive-extension-filter.php on line 47
[24-Oct-2024 13:03:22 UTC] PHP Deprecated:  Return type of Ai1wm_Recursive_Extension_Filter::accept() should either be compatible with FilterIterator::accept(): bool, or the #[\ReturnTypeWillChange] attribute should be used to temporarily suppress the notice in /home/u688141072/domains/transparentcard.com/public_html/wp-content/plugins/All-In-One-WP-Migration-With-Import-master/lib/vendor/servmask/filter/class-ai1wm-recursive-extension-filter.php on line 37
[24-Oct-2024 13:03:22 UTC] PHP Deprecated:  Return type of Ai1wm_Recursive_Exclude_Filter::getChildren() should either be compatible with RecursiveFilterIterator::getChildren(): ?RecursiveFilterIterator, or the #[\ReturnTypeWillChange] attribute should be used to temporarily suppress the notice in /home/u688141072/domains/transparentcard.com/public_html/wp-content/plugins/All-In-One-WP-Migration-With-Import-master/lib/vendor/servmask/filter/class-ai1wm-recursive-exclude-filter.php on line 41
[24-Oct-2024 13:03:22 UTC] PHP Deprecated:  Return type of Ai1wm_Recursive_Exclude_Filter::accept() should either be compatible with FilterIterator::accept(): bool, or the #[\ReturnTypeWillChange] attribute should be used to temporarily suppress the notice in /home/u688141072/domains/transparentcard.com/public_html/wp-content/plugins/All-In-One-WP-Migration-With-Import-master/lib/vendor/servmask/filter/class-ai1wm-recursive-exclude-filter.php on line 37
[24-Oct-2024 13:03:22 UTC] PHP Deprecated:  Return type of Ai1wm_Recursive_Newline_Filter::accept() should either be compatible with FilterIterator::accept(): bool, or the #[\ReturnTypeWillChange] attribute should be used to temporarily suppress the notice in /home/u688141072/domains/transparentcard.com/public_html/wp-content/plugins/All-In-One-WP-Migration-With-Import-master/lib/vendor/servmask/filter/class-ai1wm-recursive-newline-filter.php on line 28
[24-Oct-2024 13:03:22 UTC] PHP Deprecated:  Creation of dynamic property NBD_Updates::$remote_url is deprecated in /home/u688141072/domains/transparentcard.com/public_html/wp-content/plugins/web-to-print-online-designer/includes/class-updates.php on line 25
[24-Oct-2024 13:03:22 UTC] PHP Deprecated:  Creation of dynamic property My_Design_Endpoint::$query_vars is deprecated in /home/u688141072/domains/transparentcard.com/public_html/wp-content/plugins/web-to-print-online-designer/includes/class.my.design.php on line 17
[24-Oct-2024 13:03:22 UTC] PHP Deprecated:  Creation of dynamic property Jet_Reviews_Ajax_Handlers::$sys_messages is deprecated in /home/u688141072/domains/transparentcard.com/public_html/wp-content/plugins/jet-reviews/includes/ajax-handlers.php on line 36
[24-Oct-2024 13:03:22 UTC] PHP Warning:  Undefined variable $style_path in /home/u688141072/domains/transparentcard.com/public_html/wp-content/plugins/web-to-print-online-designer/includes/block_woo/cart-item-blocks-integration.php on line 240
[24-Oct-2024 13:03:22 UTC] PHP Warning:  Undefined variable $style_path in /home/u688141072/domains/transparentcard.com/public_html/wp-content/plugins/web-to-print-online-designer/includes/block_woo/cart-item-blocks-integration.php on line 240
[24-Oct-2024 13:03:23 UTC] PHP Deprecated:  Return type of Ai1wm_Recursive_Directory_Iterator::hasChildren($allow_links = true) should either be compatible with RecursiveDirectoryIterator::hasChildren(bool $allowLinks = false): bool, or the #[\ReturnTypeWillChange] attribute should be used to temporarily suppress the notice in /home/u688141072/domains/transparentcard.com/public_html/wp-content/plugins/All-In-One-WP-Migration-With-Import-master/lib/vendor/servmask/iterator/class-ai1wm-recursive-directory-iterator.php on line 57
[24-Oct-2024 13:03:23 UTC] PHP Deprecated:  Return type of Ai1wm_Recursive_Directory_Iterator::rewind() should either be compatible with FilesystemIterator::rewind(): void, or the #[\ReturnTypeWillChange] attribute should be used to temporarily suppress the notice in /home/u688141072/domains/transparentcard.com/public_html/wp-content/plugins/All-In-One-WP-Migration-With-Import-master/lib/vendor/servmask/iterator/class-ai1wm-recursive-directory-iterator.php on line 35
[24-Oct-2024 13:03:23 UTC] PHP Deprecated:  Return type of Ai1wm_Recursive_Directory_Iterator::next() should either be compatible with DirectoryIterator::next(): void, or the #[\ReturnTypeWillChange] attribute should be used to temporarily suppress the notice in /home/u688141072/domains/transparentcard.com/public_html/wp-content/plugins/All-In-One-WP-Migration-With-Import-master/lib/vendor/servmask/iterator/class-ai1wm-recursive-directory-iterator.php on line 42
[24-Oct-2024 13:03:23 UTC] PHP Deprecated:  Return type of Ai1wm_Recursive_Extension_Filter::getChildren() should either be compatible with RecursiveFilterIterator::getChildren(): ?RecursiveFilterIterator, or the #[\ReturnTypeWillChange] attribute should be used to temporarily suppress the notice in /home/u688141072/domains/transparentcard.com/public_html/wp-content/plugins/All-In-One-WP-Migration-With-Import-master/lib/vendor/servmask/filter/class-ai1wm-recursive-extension-filter.php on line 47
[24-Oct-2024 13:03:23 UTC] PHP Deprecated:  Return type of Ai1wm_Recursive_Extension_Filter::accept() should either be compatible with FilterIterator::accept(): bool, or the #[\ReturnTypeWillChange] attribute should be used to temporarily suppress the notice in /home/u688141072/domains/transparentcard.com/public_html/wp-content/plugins/All-In-One-WP-Migration-With-Import-master/lib/vendor/servmask/filter/class-ai1wm-recursive-extension-filter.php on line 37
[24-Oct-2024 13:03:23 UTC] PHP Deprecated:  Return type of Ai1wm_Recursive_Exclude_Filter::getChildren() should either be compatible with RecursiveFilterIterator::getChildren(): ?RecursiveFilterIterator, or the #[\ReturnTypeWillChange] attribute should be used to temporarily suppress the notice in /home/u688141072/domains/transparentcard.com/public_html/wp-content/plugins/All-In-One-WP-Migration-With-Import-master/lib/vendor/servmask/filter/class-ai1wm-recursive-exclude-filter.php on line 41
[24-Oct-2024 13:03:23 UTC] PHP Deprecated:  Return type of Ai1wm_Recursive_Exclude_Filter::accept() should either be compatible with FilterIterator::accept(): bool, or the #[\ReturnTypeWillChange] attribute should be used to temporarily suppress the notice in /home/u688141072/domains/transparentcard.com/public_html/wp-content/plugins/All-In-One-WP-Migration-With-Import-master/lib/vendor/servmask/filter/class-ai1wm-recursive-exclude-filter.php on line 37
[24-Oct-2024 13:03:23 UTC] PHP Deprecated:  Return type of Ai1wm_Recursive_Newline_Filter::accept() should either be compatible with FilterIterator::accept(): bool, or the #[\ReturnTypeWillChange] attribute should be used to temporarily suppress the notice in /home/u688141072/domains/transparentcard.com/public_html/wp-content/plugins/All-In-One-WP-Migration-With-Import-master/lib/vendor/servmask/filter/class-ai1wm-recursive-newline-filter.php on line 28
[24-Oct-2024 13:03:23 UTC] PHP Deprecated:  Creation of dynamic property NBD_Updates::$remote_url is deprecated in /home/u688141072/domains/transparentcard.com/public_html/wp-content/plugins/web-to-print-online-designer/includes/class-updates.php on line 25
[24-Oct-2024 13:03:23 UTC] PHP Deprecated:  Creation of dynamic property My_Design_Endpoint::$query_vars is deprecated in /home/u688141072/domains/transparentcard.com/public_html/wp-content/plugins/web-to-print-online-designer/includes/class.my.design.php on line 17
[24-Oct-2024 13:03:23 UTC] PHP Deprecated:  Creation of dynamic property Jet_Reviews_Ajax_Handlers::$sys_messages is deprecated in /home/u688141072/domains/transparentcard.com/public_html/wp-content/plugins/jet-reviews/includes/ajax-handlers.php on line 36
[24-Oct-2024 13:03:23 UTC] PHP Warning:  Undefined variable $style_path in /home/u688141072/domains/transparentcard.com/public_html/wp-content/plugins/web-to-print-online-designer/includes/block_woo/cart-item-blocks-integration.php on line 240
[24-Oct-2024 13:03:23 UTC] PHP Warning:  Undefined variable $style_path in /home/u688141072/domains/transparentcard.com/public_html/wp-content/plugins/web-to-print-online-designer/includes/block_woo/cart-item-blocks-integration.php on line 240
[24-Oct-2024 13:03:24 UTC] PHP Deprecated:  Return type of Ai1wm_Recursive_Directory_Iterator::hasChildren($allow_links = true) should either be compatible with RecursiveDirectoryIterator::hasChildren(bool $allowLinks = false): bool, or the #[\ReturnTypeWillChange] attribute should be used to temporarily suppress the notice in /home/u688141072/domains/transparentcard.com/public_html/wp-content/plugins/All-In-One-WP-Migration-With-Import-master/lib/vendor/servmask/iterator/class-ai1wm-recursive-directory-iterator.php on line 57
[24-Oct-2024 13:03:24 UTC] PHP Deprecated:  Return type of Ai1wm_Recursive_Directory_Iterator::rewind() should either be compatible with FilesystemIterator::rewind(): void, or the #[\ReturnTypeWillChange] attribute should be used to temporarily suppress the notice in /home/u688141072/domains/transparentcard.com/public_html/wp-content/plugins/All-In-One-WP-Migration-With-Import-master/lib/vendor/servmask/iterator/class-ai1wm-recursive-directory-iterator.php on line 35
[24-Oct-2024 13:03:24 UTC] PHP Deprecated:  Return type of Ai1wm_Recursive_Directory_Iterator::next() should either be compatible with DirectoryIterator::next(): void, or the #[\ReturnTypeWillChange] attribute should be used to temporarily suppress the notice in /home/u688141072/domains/transparentcard.com/public_html/wp-content/plugins/All-In-One-WP-Migration-With-Import-master/lib/vendor/servmask/iterator/class-ai1wm-recursive-directory-iterator.php on line 42
[24-Oct-2024 13:03:24 UTC] PHP Deprecated:  Return type of Ai1wm_Recursive_Extension_Filter::getChildren() should either be compatible with RecursiveFilterIterator::getChildren(): ?RecursiveFilterIterator, or the #[\ReturnTypeWillChange] attribute should be used to temporarily suppress the notice in /home/u688141072/domains/transparentcard.com/public_html/wp-content/plugins/All-In-One-WP-Migration-With-Import-master/lib/vendor/servmask/filter/class-ai1wm-recursive-extension-filter.php on line 47
[24-Oct-2024 13:03:24 UTC] PHP Deprecated:  Return type of Ai1wm_Recursive_Extension_Filter::accept() should either be compatible with FilterIterator::accept(): bool, or the #[\ReturnTypeWillChange] attribute should be used to temporarily suppress the notice in /home/u688141072/domains/transparentcard.com/public_html/wp-content/plugins/All-In-One-WP-Migration-With-Import-master/lib/vendor/servmask/filter/class-ai1wm-recursive-extension-filter.php on line 37
[24-Oct-2024 13:03:24 UTC] PHP Deprecated:  Return type of Ai1wm_Recursive_Exclude_Filter::getChildren() should either be compatible with RecursiveFilterIterator::getChildren(): ?RecursiveFilterIterator, or the #[\ReturnTypeWillChange] attribute should be used to temporarily suppress the notice in /home/u688141072/domains/transparentcard.com/public_html/wp-content/plugins/All-In-One-WP-Migration-With-Import-master/lib/vendor/servmask/filter/class-ai1wm-recursive-exclude-filter.php on line 41
[24-Oct-2024 13:03:24 UTC] PHP Deprecated:  Return type of Ai1wm_Recursive_Exclude_Filter::accept() should either be compatible with FilterIterator::accept(): bool, or the #[\ReturnTypeWillChange] attribute should be used to temporarily suppress the notice in /home/u688141072/domains/transparentcard.com/public_html/wp-content/plugins/All-In-One-WP-Migration-With-Import-master/lib/vendor/servmask/filter/class-ai1wm-recursive-exclude-filter.php on line 37
[24-Oct-2024 13:03:24 UTC] PHP Deprecated:  Return type of Ai1wm_Recursive_Newline_Filter::accept() should either be compatible with FilterIterator::accept(): bool, or the #[\ReturnTypeWillChange] attribute should be used to temporarily suppress the notice in /home/u688141072/domains/transparentcard.com/public_html/wp-content/plugins/All-In-One-WP-Migration-With-Import-master/lib/vendor/servmask/filter/class-ai1wm-recursive-newline-filter.php on line 28
[24-Oct-2024 13:03:24 UTC] PHP Deprecated:  Creation of dynamic property NBD_Updates::$remote_url is deprecated in /home/u688141072/domains/transparentcard.com/public_html/wp-content/plugins/web-to-print-online-designer/includes/class-updates.php on line 25
[24-Oct-2024 13:03:24 UTC] PHP Deprecated:  Creation of dynamic property My_Design_Endpoint::$query_vars is deprecated in /home/u688141072/domains/transparentcard.com/public_html/wp-content/plugins/web-to-print-online-designer/includes/class.my.design.php on line 17
[24-Oct-2024 13:03:24 UTC] PHP Deprecated:  Creation of dynamic property Jet_Reviews_Ajax_Handlers::$sys_messages is deprecated in /home/u688141072/domains/transparentcard.com/public_html/wp-content/plugins/jet-reviews/includes/ajax-handlers.php on line 36
[24-Oct-2024 13:03:24 UTC] PHP Warning:  Undefined variable $style_path in /home/u688141072/domains/transparentcard.com/public_html/wp-content/plugins/web-to-print-online-designer/includes/block_woo/cart-item-blocks-integration.php on line 240
[24-Oct-2024 13:03:24 UTC] PHP Warning:  Undefined variable $style_path in /home/u688141072/domains/transparentcard.com/public_html/wp-content/plugins/web-to-print-online-designer/includes/block_woo/cart-item-blocks-integration.php on line 240
[24-Oct-2024 13:03:25 UTC] PHP Deprecated:  rtrim(): Passing null to parameter #1 ($string) of type string is deprecated in /home/u688141072/domains/transparentcard.com/public_html/wp-includes/formatting.php on line 2819
[24-Oct-2024 13:03:26 UTC] PHP Deprecated:  Return type of Ai1wm_Recursive_Directory_Iterator::hasChildren($allow_links = true) should either be compatible with RecursiveDirectoryIterator::hasChildren(bool $allowLinks = false): bool, or the #[\ReturnTypeWillChange] attribute should be used to temporarily suppress the notice in /home/u688141072/domains/transparentcard.com/public_html/wp-content/plugins/All-In-One-WP-Migration-With-Import-master/lib/vendor/servmask/iterator/class-ai1wm-recursive-directory-iterator.php on line 57
[24-Oct-2024 13:03:26 UTC] PHP Deprecated:  Return type of Ai1wm_Recursive_Directory_Iterator::rewind() should either be compatible with FilesystemIterator::rewind(): void, or the #[\ReturnTypeWillChange] attribute should be used to temporarily suppress the notice in /home/u688141072/domains/transparentcard.com/public_html/wp-content/plugins/All-In-One-WP-Migration-With-Import-master/lib/vendor/servmask/iterator/class-ai1wm-recursive-directory-iterator.php on line 35
[24-Oct-2024 13:03:26 UTC] PHP Deprecated:  Return type of Ai1wm_Recursive_Directory_Iterator::next() should either be compatible with DirectoryIterator::next(): void, or the #[\ReturnTypeWillChange] attribute should be used to temporarily suppress the notice in /home/u688141072/domains/transparentcard.com/public_html/wp-content/plugins/All-In-One-WP-Migration-With-Import-master/lib/vendor/servmask/iterator/class-ai1wm-recursive-directory-iterator.php on line 42
[24-Oct-2024 13:03:26 UTC] PHP Deprecated:  Return type of Ai1wm_Recursive_Extension_Filter::getChildren() should either be compatible with RecursiveFilterIterator::getChildren(): ?RecursiveFilterIterator, or the #[\ReturnTypeWillChange] attribute should be used to temporarily suppress the notice in /home/u688141072/domains/transparentcard.com/public_html/wp-content/plugins/All-In-One-WP-Migration-With-Import-master/lib/vendor/servmask/filter/class-ai1wm-recursive-extension-filter.php on line 47
[24-Oct-2024 13:03:26 UTC] PHP Deprecated:  Return type of Ai1wm_Recursive_Extension_Filter::accept() should either be compatible with FilterIterator::accept(): bool, or the #[\ReturnTypeWillChange] attribute should be used to temporarily suppress the notice in /home/u688141072/domains/transparentcard.com/public_html/wp-content/plugins/All-In-One-WP-Migration-With-Import-master/lib/vendor/servmask/filter/class-ai1wm-recursive-extension-filter.php on line 37
[24-Oct-2024 13:03:26 UTC] PHP Deprecated:  Return type of Ai1wm_Recursive_Exclude_Filter::getChildren() should either be compatible with RecursiveFilterIterator::getChildren(): ?RecursiveFilterIterator, or the #[\ReturnTypeWillChange] attribute should be used to temporarily suppress the notice in /home/u688141072/domains/transparentcard.com/public_html/wp-content/plugins/All-In-One-WP-Migration-With-Import-master/lib/vendor/servmask/filter/class-ai1wm-recursive-exclude-filter.php on line 41
[24-Oct-2024 13:03:26 UTC] PHP Deprecated:  Return type of Ai1wm_Recursive_Exclude_Filter::accept() should either be compatible with FilterIterator::accept(): bool, or the #[\ReturnTypeWillChange] attribute should be used to temporarily suppress the notice in /home/u688141072/domains/transparentcard.com/public_html/wp-content/plugins/All-In-One-WP-Migration-With-Import-master/lib/vendor/servmask/filter/class-ai1wm-recursive-exclude-filter.php on line 37
[24-Oct-2024 13:03:26 UTC] PHP Deprecated:  Return type of Ai1wm_Recursive_Newline_Filter::accept() should either be compatible with FilterIterator::accept(): bool, or the #[\ReturnTypeWillChange] attribute should be used to temporarily suppress the notice in /home/u688141072/domains/transparentcard.com/public_html/wp-content/plugins/All-In-One-WP-Migration-With-Import-master/lib/vendor/servmask/filter/class-ai1wm-recursive-newline-filter.php on line 28
[24-Oct-2024 13:03:26 UTC] PHP Deprecated:  Creation of dynamic property NBD_Updates::$remote_url is deprecated in /home/u688141072/domains/transparentcard.com/public_html/wp-content/plugins/web-to-print-online-designer/includes/class-updates.php on line 25
[24-Oct-2024 13:03:26 UTC] PHP Deprecated:  Creation of dynamic property My_Design_Endpoint::$query_vars is deprecated in /home/u688141072/domains/transparentcard.com/public_html/wp-content/plugins/web-to-print-online-designer/includes/class.my.design.php on line 17
[24-Oct-2024 13:03:26 UTC] PHP Deprecated:  Creation of dynamic property Jet_Reviews_Ajax_Handlers::$sys_messages is deprecated in /home/u688141072/domains/transparentcard.com/public_html/wp-content/plugins/jet-reviews/includes/ajax-handlers.php on line 36
[24-Oct-2024 13:03:26 UTC] PHP Warning:  Undefined variable $style_path in /home/u688141072/domains/transparentcard.com/public_html/wp-content/plugins/web-to-print-online-designer/includes/block_woo/cart-item-blocks-integration.php on line 240
[24-Oct-2024 13:03:26 UTC] PHP Warning:  Undefined variable $style_path in /home/u688141072/domains/transparentcard.com/public_html/wp-content/plugins/web-to-print-online-designer/includes/block_woo/cart-item-blocks-integration.php on line 240
[24-Oct-2024 13:03:26 UTC] PHP Deprecated:  rtrim(): Passing null to parameter #1 ($string) of type string is deprecated in /home/u688141072/domains/transparentcard.com/public_html/wp-includes/formatting.php on line 2819
[24-Oct-2024 13:03:27 UTC] PHP Deprecated:  Return type of Ai1wm_Recursive_Directory_Iterator::hasChildren($allow_links = true) should either be compatible with RecursiveDirectoryIterator::hasChildren(bool $allowLinks = false): bool, or the #[\ReturnTypeWillChange] attribute should be used to temporarily suppress the notice in /home/u688141072/domains/transparentcard.com/public_html/wp-content/plugins/All-In-One-WP-Migration-With-Import-master/lib/vendor/servmask/iterator/class-ai1wm-recursive-directory-iterator.php on line 57
[24-Oct-2024 13:03:27 UTC] PHP Deprecated:  Return type of Ai1wm_Recursive_Directory_Iterator::rewind() should either be compatible with FilesystemIterator::rewind(): void, or the #[\ReturnTypeWillChange] attribute should be used to temporarily suppress the notice in /home/u688141072/domains/transparentcard.com/public_html/wp-content/plugins/All-In-One-WP-Migration-With-Import-master/lib/vendor/servmask/iterator/class-ai1wm-recursive-directory-iterator.php on line 35
[24-Oct-2024 13:03:27 UTC] PHP Deprecated:  Return type of Ai1wm_Recursive_Directory_Iterator::next() should either be compatible with DirectoryIterator::next(): void, or the #[\ReturnTypeWillChange] attribute should be used to temporarily suppress the notice in /home/u688141072/domains/transparentcard.com/public_html/wp-content/plugins/All-In-One-WP-Migration-With-Import-master/lib/vendor/servmask/iterator/class-ai1wm-recursive-directory-iterator.php on line 42
[24-Oct-2024 13:03:27 UTC] PHP Deprecated:  Return type of Ai1wm_Recursive_Extension_Filter::getChildren() should either be compatible with RecursiveFilterIterator::getChildren(): ?RecursiveFilterIterator, or the #[\ReturnTypeWillChange] attribute should be used to temporarily suppress the notice in /home/u688141072/domains/transparentcard.com/public_html/wp-content/plugins/All-In-One-WP-Migration-With-Import-master/lib/vendor/servmask/filter/class-ai1wm-recursive-extension-filter.php on line 47
[24-Oct-2024 13:03:27 UTC] PHP Deprecated:  Return type of Ai1wm_Recursive_Extension_Filter::accept() should either be compatible with FilterIterator::accept(): bool, or the #[\ReturnTypeWillChange] attribute should be used to temporarily suppress the notice in /home/u688141072/domains/transparentcard.com/public_html/wp-content/plugins/All-In-One-WP-Migration-With-Import-master/lib/vendor/servmask/filter/class-ai1wm-recursive-extension-filter.php on line 37
[24-Oct-2024 13:03:27 UTC] PHP Deprecated:  Return type of Ai1wm_Recursive_Exclude_Filter::getChildren() should either be compatible with RecursiveFilterIterator::getChildren(): ?RecursiveFilterIterator, or the #[\ReturnTypeWillChange] attribute should be used to temporarily suppress the notice in /home/u688141072/domains/transparentcard.com/public_html/wp-content/plugins/All-In-One-WP-Migration-With-Import-master/lib/vendor/servmask/filter/class-ai1wm-recursive-exclude-filter.php on line 41
[24-Oct-2024 13:03:27 UTC] PHP Deprecated:  Return type of Ai1wm_Recursive_Exclude_Filter::accept() should either be compatible with FilterIterator::accept(): bool, or the #[\ReturnTypeWillChange] attribute should be used to temporarily suppress the notice in /home/u688141072/domains/transparentcard.com/public_html/wp-content/plugins/All-In-One-WP-Migration-With-Import-master/lib/vendor/servmask/filter/class-ai1wm-recursive-exclude-filter.php on line 37
[24-Oct-2024 13:03:27 UTC] PHP Deprecated:  Return type of Ai1wm_Recursive_Newline_Filter::accept() should either be compatible with FilterIterator::accept(): bool, or the #[\ReturnTypeWillChange] attribute should be used to temporarily suppress the notice in /home/u688141072/domains/transparentcard.com/public_html/wp-content/plugins/All-In-One-WP-Migration-With-Import-master/lib/vendor/servmask/filter/class-ai1wm-recursive-newline-filter.php on line 28
[24-Oct-2024 13:03:27 UTC] PHP Deprecated:  Creation of dynamic property NBD_Updates::$remote_url is deprecated in /home/u688141072/domains/transparentcard.com/public_html/wp-content/plugins/web-to-print-online-designer/includes/class-updates.php on line 25
[24-Oct-2024 13:03:27 UTC] PHP Deprecated:  Creation of dynamic property My_Design_Endpoint::$query_vars is deprecated in /home/u688141072/domains/transparentcard.com/public_html/wp-content/plugins/web-to-print-online-designer/includes/class.my.design.php on line 17
[24-Oct-2024 13:03:27 UTC] PHP Deprecated:  Creation of dynamic property Jet_Reviews_Ajax_Handlers::$sys_messages is deprecated in /home/u688141072/domains/transparentcard.com/public_html/wp-content/plugins/jet-reviews/includes/ajax-handlers.php on line 36
[24-Oct-2024 13:03:27 UTC] PHP Deprecated:  Return type of Ai1wm_Recursive_Directory_Iterator::hasChildren($allow_links = true) should either be compatible with RecursiveDirectoryIterator::hasChildren(bool $allowLinks = false): bool, or the #[\ReturnTypeWillChange] attribute should be used to temporarily suppress the notice in /home/u688141072/domains/transparentcard.com/public_html/wp-content/plugins/All-In-One-WP-Migration-With-Import-master/lib/vendor/servmask/iterator/class-ai1wm-recursive-directory-iterator.php on line 57
[24-Oct-2024 13:03:27 UTC] PHP Deprecated:  Return type of Ai1wm_Recursive_Directory_Iterator::rewind() should either be compatible with FilesystemIterator::rewind(): void, or the #[\ReturnTypeWillChange] attribute should be used to temporarily suppress the notice in /home/u688141072/domains/transparentcard.com/public_html/wp-content/plugins/All-In-One-WP-Migration-With-Import-master/lib/vendor/servmask/iterator/class-ai1wm-recursive-directory-iterator.php on line 35
[24-Oct-2024 13:03:27 UTC] PHP Deprecated:  Return type of Ai1wm_Recursive_Directory_Iterator::next() should either be compatible with DirectoryIterator::next(): void, or the #[\ReturnTypeWillChange] attribute should be used to temporarily suppress the notice in /home/u688141072/domains/transparentcard.com/public_html/wp-content/plugins/All-In-One-WP-Migration-With-Import-master/lib/vendor/servmask/iterator/class-ai1wm-recursive-directory-iterator.php on line 42
[24-Oct-2024 13:03:27 UTC] PHP Deprecated:  Return type of Ai1wm_Recursive_Extension_Filter::getChildren() should either be compatible with RecursiveFilterIterator::getChildren(): ?RecursiveFilterIterator, or the #[\ReturnTypeWillChange] attribute should be used to temporarily suppress the notice in /home/u688141072/domains/transparentcard.com/public_html/wp-content/plugins/All-In-One-WP-Migration-With-Import-master/lib/vendor/servmask/filter/class-ai1wm-recursive-extension-filter.php on line 47
[24-Oct-2024 13:03:27 UTC] PHP Deprecated:  Return type of Ai1wm_Recursive_Extension_Filter::accept() should either be compatible with FilterIterator::accept(): bool, or the #[\ReturnTypeWillChange] attribute should be used to temporarily suppress the notice in /home/u688141072/domains/transparentcard.com/public_html/wp-content/plugins/All-In-One-WP-Migration-With-Import-master/lib/vendor/servmask/filter/class-ai1wm-recursive-extension-filter.php on line 37
[24-Oct-2024 13:03:27 UTC] PHP Deprecated:  Return type of Ai1wm_Recursive_Exclude_Filter::getChildren() should either be compatible with RecursiveFilterIterator::getChildren(): ?RecursiveFilterIterator, or the #[\ReturnTypeWillChange] attribute should be used to temporarily suppress the notice in /home/u688141072/domains/transparentcard.com/public_html/wp-content/plugins/All-In-One-WP-Migration-With-Import-master/lib/vendor/servmask/filter/class-ai1wm-recursive-exclude-filter.php on line 41
[24-Oct-2024 13:03:27 UTC] PHP Deprecated:  Return type of Ai1wm_Recursive_Exclude_Filter::accept() should either be compatible with FilterIterator::accept(): bool, or the #[\ReturnTypeWillChange] attribute should be used to temporarily suppress the notice in /home/u688141072/domains/transparentcard.com/public_html/wp-content/plugins/All-In-One-WP-Migration-With-Import-master/lib/vendor/servmask/filter/class-ai1wm-recursive-exclude-filter.php on line 37
[24-Oct-2024 13:03:27 UTC] PHP Deprecated:  Return type of Ai1wm_Recursive_Newline_Filter::accept() should either be compatible with FilterIterator::accept(): bool, or the #[\ReturnTypeWillChange] attribute should be used to temporarily suppress the notice in /home/u688141072/domains/transparentcard.com/public_html/wp-content/plugins/All-In-One-WP-Migration-With-Import-master/lib/vendor/servmask/filter/class-ai1wm-recursive-newline-filter.php on line 28
[24-Oct-2024 13:03:27 UTC] PHP Deprecated:  Creation of dynamic property NBD_Updates::$remote_url is deprecated in /home/u688141072/domains/transparentcard.com/public_html/wp-content/plugins/web-to-print-online-designer/includes/class-updates.php on line 25
[24-Oct-2024 13:03:27 UTC] PHP Deprecated:  Creation of dynamic property My_Design_Endpoint::$query_vars is deprecated in /home/u688141072/domains/transparentcard.com/public_html/wp-content/plugins/web-to-print-online-designer/includes/class.my.design.php on line 17
[24-Oct-2024 13:03:27 UTC] PHP Warning:  Undefined variable $style_path in /home/u688141072/domains/transparentcard.com/public_html/wp-content/plugins/web-to-print-online-designer/includes/block_woo/cart-item-blocks-integration.php on line 240
[24-Oct-2024 13:03:27 UTC] PHP Warning:  Undefined variable $style_path in /home/u688141072/domains/transparentcard.com/public_html/wp-content/plugins/web-to-print-online-designer/includes/block_woo/cart-item-blocks-integration.php on line 240
[24-Oct-2024 13:03:27 UTC] PHP Deprecated:  Creation of dynamic property Jet_Reviews_Ajax_Handlers::$sys_messages is deprecated in /home/u688141072/domains/transparentcard.com/public_html/wp-content/plugins/jet-reviews/includes/ajax-handlers.php on line 36
[24-Oct-2024 13:03:27 UTC] WP_Query Object
(
    [query] => Array
        (
            [s] => Vel iure quae quo qui iure quae quo qui iure quae quo qui
        )

    [query_vars] => Array
        (
            [s] => Vel iure quae quo qui iure quae quo qui iure quae quo qui
            [error] => 
            [m] => 
            [p] => 0
            [post_parent] => 
            [subpost] => 
            [subpost_id] => 
            [attachment] => 
            [attachment_id] => 0
            [name] => 
            [pagename] => 
            [page_id] => 0
            [second] => 
            [minute] => 
            [hour] => 
            [day] => 0
            [monthnum] => 0
            [year] => 0
            [w] => 0
            [category_name] => 
            [tag] => 
            [cat] => 
            [tag_id] => 
            [author] => 
            [author_name] => 
            [feed] => 
            [tb] => 
            [paged] => 0
            [meta_key] => 
            [meta_value] => 
            [preview] => 
            [sentence] => 
            [title] => 
            [fields] => 
            [menu_order] => 
            [embed] => 
            [category__in] => Array
                (
                )

            [category__not_in] => Array
                (
                )

            [category__and] => Array
                (
                )

            [post__in] => Array
                (
                )

            [post__not_in] => Array
                (
                )

            [post_name__in] => Array
                (
                )

            [tag__in] => Array
                (
                )

            [tag__not_in] => Array
                (
                )

            [tag__and] => Array
                (
                )

            [tag_slug__in] => Array
                (
                )

            [tag_slug__and] => Array
                (
                )

            [post_parent__in] => Array
                (
                )

            [post_parent__not_in] => Array
                (
                )

            [author__in] => Array
                (
                )

            [author__not_in] => Array
                (
                )

            [search_columns] => Array
                (
                )

            [posts_per_page] => 10
        )

    [tax_query] => WP_Tax_Query Object
        (
            [queries] => Array
                (
                )

            [relation] => AND
            [table_aliases:protected] => Array
                (
                )

            [queried_terms] => Array
                (
                )

            [primary_table] => 
            [primary_id_column] => 
        )

    [meta_query] => 
    [date_query] => 
    [post_count] => 0
    [current_post] => -1
    [before_loop] => 1
    [in_the_loop] => 
    [comment_count] => 0
    [current_comment] => -1
    [found_posts] => 0
    [max_num_pages] => 0
    [max_num_comment_pages] => 0
    [is_single] => 
    [is_preview] => 
    [is_page] => 
    [is_archive] => 
    [is_date] => 
    [is_year] => 
    [is_month] => 
    [is_day] => 
    [is_time] => 
    [is_author] => 
    [is_category] => 
    [is_tag] => 
    [is_tax] => 
    [is_search] => 1
    [is_feed] => 
    [is_comment_feed] => 
    [is_trackback] => 
    [is_home] => 
    [is_privacy_policy] => 
    [is_404] => 
    [is_embed] => 
    [is_paged] => 
    [is_admin] => 
    [is_attachment] => 
    [is_singular] => 
    [is_robots] => 
    [is_favicon] => 
    [is_posts_page] => 
    [is_post_type_archive] => 
    [query_vars_hash:WP_Query:private] => 7e60601fc7fba0ba9764e4bfc26ba580
    [query_vars_changed:WP_Query:private] => 
    [thumbnails_cached] => 
    [allow_query_attachment_by_filename:protected] => 
    [stopwords:WP_Query:private] => 
    [compat_fields:WP_Query:private] => Array
        (
            [0] => query_vars_hash
            [1] => query_vars_changed
        )

    [compat_methods:WP_Query:private] => Array
        (
            [0] => init_query_flags
            [1] => parse_tax_query
        )

)

[24-Oct-2024 13:03:27 UTC] PHP Warning:  Undefined variable $style_path in /home/u688141072/domains/transparentcard.com/public_html/wp-content/plugins/web-to-print-online-designer/includes/block_woo/cart-item-blocks-integration.php on line 240
[24-Oct-2024 13:03:27 UTC] PHP Warning:  Undefined variable $style_path in /home/u688141072/domains/transparentcard.com/public_html/wp-content/plugins/web-to-print-online-designer/includes/block_woo/cart-item-blocks-integration.php on line 240
[24-Oct-2024 13:03:28 UTC] PHP Deprecated:  rtrim(): Passing null to parameter #1 ($string) of type string is deprecated in /home/u688141072/domains/transparentcard.com/public_html/wp-includes/formatting.php on line 2819
[24-Oct-2024 13:03:29 UTC] PHP Deprecated:  Return type of Ai1wm_Recursive_Directory_Iterator::hasChildren($allow_links = true) should either be compatible with RecursiveDirectoryIterator::hasChildren(bool $allowLinks = false): bool, or the #[\ReturnTypeWillChange] attribute should be used to temporarily suppress the notice in /home/u688141072/domains/transparentcard.com/public_html/wp-content/plugins/All-In-One-WP-Migration-With-Import-master/lib/vendor/servmask/iterator/class-ai1wm-recursive-directory-iterator.php on line 57
[24-Oct-2024 13:03:29 UTC] PHP Deprecated:  Return type of Ai1wm_Recursive_Directory_Iterator::rewind() should either be compatible with FilesystemIterator::rewind(): void, or the #[\ReturnTypeWillChange] attribute should be used to temporarily suppress the notice in /home/u688141072/domains/transparentcard.com/public_html/wp-content/plugins/All-In-One-WP-Migration-With-Import-master/lib/vendor/servmask/iterator/class-ai1wm-recursive-directory-iterator.php on line 35
[24-Oct-2024 13:03:29 UTC] PHP Deprecated:  Return type of Ai1wm_Recursive_Directory_Iterator::next() should either be compatible with DirectoryIterator::next(): void, or the #[\ReturnTypeWillChange] attribute should be used to temporarily suppress the notice in /home/u688141072/domains/transparentcard.com/public_html/wp-content/plugins/All-In-One-WP-Migration-With-Import-master/lib/vendor/servmask/iterator/class-ai1wm-recursive-directory-iterator.php on line 42
[24-Oct-2024 13:03:29 UTC] PHP Deprecated:  Return type of Ai1wm_Recursive_Extension_Filter::getChildren() should either be compatible with RecursiveFilterIterator::getChildren(): ?RecursiveFilterIterator, or the #[\ReturnTypeWillChange] attribute should be used to temporarily suppress the notice in /home/u688141072/domains/transparentcard.com/public_html/wp-content/plugins/All-In-One-WP-Migration-With-Import-master/lib/vendor/servmask/filter/class-ai1wm-recursive-extension-filter.php on line 47
[24-Oct-2024 13:03:29 UTC] PHP Deprecated:  Return type of Ai1wm_Recursive_Extension_Filter::accept() should either be compatible with FilterIterator::accept(): bool, or the #[\ReturnTypeWillChange] attribute should be used to temporarily suppress the notice in /home/u688141072/domains/transparentcard.com/public_html/wp-content/plugins/All-In-One-WP-Migration-With-Import-master/lib/vendor/servmask/filter/class-ai1wm-recursive-extension-filter.php on line 37
[24-Oct-2024 13:03:29 UTC] PHP Deprecated:  Return type of Ai1wm_Recursive_Exclude_Filter::getChildren() should either be compatible with RecursiveFilterIterator::getChildren(): ?RecursiveFilterIterator, or the #[\ReturnTypeWillChange] attribute should be used to temporarily suppress the notice in /home/u688141072/domains/transparentcard.com/public_html/wp-content/plugins/All-In-One-WP-Migration-With-Import-master/lib/vendor/servmask/filter/class-ai1wm-recursive-exclude-filter.php on line 41
[24-Oct-2024 13:03:29 UTC] PHP Deprecated:  Return type of Ai1wm_Recursive_Exclude_Filter::accept() should either be compatible with FilterIterator::accept(): bool, or the #[\ReturnTypeWillChange] attribute should be used to temporarily suppress the notice in /home/u688141072/domains/transparentcard.com/public_html/wp-content/plugins/All-In-One-WP-Migration-With-Import-master/lib/vendor/servmask/filter/class-ai1wm-recursive-exclude-filter.php on line 37
[24-Oct-2024 13:03:29 UTC] PHP Deprecated:  Return type of Ai1wm_Recursive_Newline_Filter::accept() should either be compatible with FilterIterator::accept(): bool, or the #[\ReturnTypeWillChange] attribute should be used to temporarily suppress the notice in /home/u688141072/domains/transparentcard.com/public_html/wp-content/plugins/All-In-One-WP-Migration-With-Import-master/lib/vendor/servmask/filter/class-ai1wm-recursive-newline-filter.php on line 28
[24-Oct-2024 13:03:29 UTC] PHP Deprecated:  Creation of dynamic property NBD_Updates::$remote_url is deprecated in /home/u688141072/domains/transparentcard.com/public_html/wp-content/plugins/web-to-print-online-designer/includes/class-updates.php on line 25
[24-Oct-2024 13:03:29 UTC] PHP Deprecated:  Creation of dynamic property My_Design_Endpoint::$query_vars is deprecated in /home/u688141072/domains/transparentcard.com/public_html/wp-content/plugins/web-to-print-online-designer/includes/class.my.design.php on line 17
[24-Oct-2024 13:03:29 UTC] PHP Deprecated:  Creation of dynamic property Jet_Reviews_Ajax_Handlers::$sys_messages is deprecated in /home/u688141072/domains/transparentcard.com/public_html/wp-content/plugins/jet-reviews/includes/ajax-handlers.php on line 36
[24-Oct-2024 13:03:29 UTC] PHP Deprecated:  rtrim(): Passing null to parameter #1 ($string) of type string is deprecated in /home/u688141072/domains/transparentcard.com/public_html/wp-includes/formatting.php on line 2819
[24-Oct-2024 13:03:29 UTC] PHP Warning:  Undefined variable $style_path in /home/u688141072/domains/transparentcard.com/public_html/wp-content/plugins/web-to-print-online-designer/includes/block_woo/cart-item-blocks-integration.php on line 240
[24-Oct-2024 13:03:29 UTC] PHP Warning:  Undefined variable $style_path in /home/u688141072/domains/transparentcard.com/public_html/wp-content/plugins/web-to-print-online-designer/includes/block_woo/cart-item-blocks-integration.php on line 240
[24-Oct-2024 13:03:30 UTC] PHP Deprecated:  Return type of Ai1wm_Recursive_Directory_Iterator::hasChildren($allow_links = true) should either be compatible with RecursiveDirectoryIterator::hasChildren(bool $allowLinks = false): bool, or the #[\ReturnTypeWillChange] attribute should be used to temporarily suppress the notice in /home/u688141072/domains/transparentcard.com/public_html/wp-content/plugins/All-In-One-WP-Migration-With-Import-master/lib/vendor/servmask/iterator/class-ai1wm-recursive-directory-iterator.php on line 57
[24-Oct-2024 13:03:30 UTC] PHP Deprecated:  Return type of Ai1wm_Recursive_Directory_Iterator::rewind() should either be compatible with FilesystemIterator::rewind(): void, or the #[\ReturnTypeWillChange] attribute should be used to temporarily suppress the notice in /home/u688141072/domains/transparentcard.com/public_html/wp-content/plugins/All-In-One-WP-Migration-With-Import-master/lib/vendor/servmask/iterator/class-ai1wm-recursive-directory-iterator.php on line 35
[24-Oct-2024 13:03:30 UTC] PHP Deprecated:  Return type of Ai1wm_Recursive_Directory_Iterator::next() should either be compatible with DirectoryIterator::next(): void, or the #[\ReturnTypeWillChange] attribute should be used to temporarily suppress the notice in /home/u688141072/domains/transparentcard.com/public_html/wp-content/plugins/All-In-One-WP-Migration-With-Import-master/lib/vendor/servmask/iterator/class-ai1wm-recursive-directory-iterator.php on line 42
[24-Oct-2024 13:03:30 UTC] PHP Deprecated:  Return type of Ai1wm_Recursive_Extension_Filter::getChildren() should either be compatible with RecursiveFilterIterator::getChildren(): ?RecursiveFilterIterator, or the #[\ReturnTypeWillChange] attribute should be used to temporarily suppress the notice in /home/u688141072/domains/transparentcard.com/public_html/wp-content/plugins/All-In-One-WP-Migration-With-Import-master/lib/vendor/servmask/filter/class-ai1wm-recursive-extension-filter.php on line 47
[24-Oct-2024 13:03:30 UTC] PHP Deprecated:  Return type of Ai1wm_Recursive_Extension_Filter::accept() should either be compatible with FilterIterator::accept(): bool, or the #[\ReturnTypeWillChange] attribute should be used to temporarily suppress the notice in /home/u688141072/domains/transparentcard.com/public_html/wp-content/plugins/All-In-One-WP-Migration-With-Import-master/lib/vendor/servmask/filter/class-ai1wm-recursive-extension-filter.php on line 37
[24-Oct-2024 13:03:30 UTC] PHP Deprecated:  Return type of Ai1wm_Recursive_Exclude_Filter::getChildren() should either be compatible with RecursiveFilterIterator::getChildren(): ?RecursiveFilterIterator, or the #[\ReturnTypeWillChange] attribute should be used to temporarily suppress the notice in /home/u688141072/domains/transparentcard.com/public_html/wp-content/plugins/All-In-One-WP-Migration-With-Import-master/lib/vendor/servmask/filter/class-ai1wm-recursive-exclude-filter.php on line 41
[24-Oct-2024 13:03:30 UTC] PHP Deprecated:  Return type of Ai1wm_Recursive_Exclude_Filter::accept() should either be compatible with FilterIterator::accept(): bool, or the #[\ReturnTypeWillChange] attribute should be used to temporarily suppress the notice in /home/u688141072/domains/transparentcard.com/public_html/wp-content/plugins/All-In-One-WP-Migration-With-Import-master/lib/vendor/servmask/filter/class-ai1wm-recursive-exclude-filter.php on line 37
[24-Oct-2024 13:03:30 UTC] PHP Deprecated:  Return type of Ai1wm_Recursive_Newline_Filter::accept() should either be compatible with FilterIterator::accept(): bool, or the #[\ReturnTypeWillChange] attribute should be used to temporarily suppress the notice in /home/u688141072/domains/transparentcard.com/public_html/wp-content/plugins/All-In-One-WP-Migration-With-Import-master/lib/vendor/servmask/filter/class-ai1wm-recursive-newline-filter.php on line 28
[24-Oct-2024 13:03:30 UTC] PHP Deprecated:  Creation of dynamic property NBD_Updates::$remote_url is deprecated in /home/u688141072/domains/transparentcard.com/public_html/wp-content/plugins/web-to-print-online-designer/includes/class-updates.php on line 25
[24-Oct-2024 13:03:30 UTC] PHP Deprecated:  Creation of dynamic property My_Design_Endpoint::$query_vars is deprecated in /home/u688141072/domains/transparentcard.com/public_html/wp-content/plugins/web-to-print-online-designer/includes/class.my.design.php on line 17
[24-Oct-2024 13:03:30 UTC] PHP Deprecated:  Creation of dynamic property Jet_Reviews_Ajax_Handlers::$sys_messages is deprecated in /home/u688141072/domains/transparentcard.com/public_html/wp-content/plugins/jet-reviews/includes/ajax-handlers.php on line 36
[24-Oct-2024 13:03:30 UTC] PHP Warning:  Undefined variable $style_path in /home/u688141072/domains/transparentcard.com/public_html/wp-content/plugins/web-to-print-online-designer/includes/block_woo/cart-item-blocks-integration.php on line 240
[24-Oct-2024 13:03:30 UTC] PHP Warning:  Undefined variable $style_path in /home/u688141072/domains/transparentcard.com/public_html/wp-content/plugins/web-to-print-online-designer/includes/block_woo/cart-item-blocks-integration.php on line 240
[24-Oct-2024 13:03:31 UTC] PHP Deprecated:  rtrim(): Passing null to parameter #1 ($string) of type string is deprecated in /home/u688141072/domains/transparentcard.com/public_html/wp-includes/formatting.php on line 2819
[24-Oct-2024 13:03:32 UTC] PHP Deprecated:  Return type of Ai1wm_Recursive_Directory_Iterator::hasChildren($allow_links = true) should either be compatible with RecursiveDirectoryIterator::hasChildren(bool $allowLinks = false): bool, or the #[\ReturnTypeWillChange] attribute should be used to temporarily suppress the notice in /home/u688141072/domains/transparentcard.com/public_html/wp-content/plugins/All-In-One-WP-Migration-With-Import-master/lib/vendor/servmask/iterator/class-ai1wm-recursive-directory-iterator.php on line 57
[24-Oct-2024 13:03:32 UTC] PHP Deprecated:  Return type of Ai1wm_Recursive_Directory_Iterator::rewind() should either be compatible with FilesystemIterator::rewind(): void, or the #[\ReturnTypeWillChange] attribute should be used to temporarily suppress the notice in /home/u688141072/domains/transparentcard.com/public_html/wp-content/plugins/All-In-One-WP-Migration-With-Import-master/lib/vendor/servmask/iterator/class-ai1wm-recursive-directory-iterator.php on line 35
[24-Oct-2024 13:03:32 UTC] PHP Deprecated:  Return type of Ai1wm_Recursive_Directory_Iterator::next() should either be compatible with DirectoryIterator::next(): void, or the #[\ReturnTypeWillChange] attribute should be used to temporarily suppress the notice in /home/u688141072/domains/transparentcard.com/public_html/wp-content/plugins/All-In-One-WP-Migration-With-Import-master/lib/vendor/servmask/iterator/class-ai1wm-recursive-directory-iterator.php on line 42
[24-Oct-2024 13:03:32 UTC] PHP Deprecated:  Return type of Ai1wm_Recursive_Extension_Filter::getChildren() should either be compatible with RecursiveFilterIterator::getChildren(): ?RecursiveFilterIterator, or the #[\ReturnTypeWillChange] attribute should be used to temporarily suppress the notice in /home/u688141072/domains/transparentcard.com/public_html/wp-content/plugins/All-In-One-WP-Migration-With-Import-master/lib/vendor/servmask/filter/class-ai1wm-recursive-extension-filter.php on line 47
[24-Oct-2024 13:03:32 UTC] PHP Deprecated:  Return type of Ai1wm_Recursive_Extension_Filter::accept() should either be compatible with FilterIterator::accept(): bool, or the #[\ReturnTypeWillChange] attribute should be used to temporarily suppress the notice in /home/u688141072/domains/transparentcard.com/public_html/wp-content/plugins/All-In-One-WP-Migration-With-Import-master/lib/vendor/servmask/filter/class-ai1wm-recursive-extension-filter.php on line 37
[24-Oct-2024 13:03:32 UTC] PHP Deprecated:  Return type of Ai1wm_Recursive_Exclude_Filter::getChildren() should either be compatible with RecursiveFilterIterator::getChildren(): ?RecursiveFilterIterator, or the #[\ReturnTypeWillChange] attribute should be used to temporarily suppress the notice in /home/u688141072/domains/transparentcard.com/public_html/wp-content/plugins/All-In-One-WP-Migration-With-Import-master/lib/vendor/servmask/filter/class-ai1wm-recursive-exclude-filter.php on line 41
[24-Oct-2024 13:03:32 UTC] PHP Deprecated:  Return type of Ai1wm_Recursive_Exclude_Filter::accept() should either be compatible with FilterIterator::accept(): bool, or the #[\ReturnTypeWillChange] attribute should be used to temporarily suppress the notice in /home/u688141072/domains/transparentcard.com/public_html/wp-content/plugins/All-In-One-WP-Migration-With-Import-master/lib/vendor/servmask/filter/class-ai1wm-recursive-exclude-filter.php on line 37
[24-Oct-2024 13:03:32 UTC] PHP Deprecated:  Return type of Ai1wm_Recursive_Newline_Filter::accept() should either be compatible with FilterIterator::accept(): bool, or the #[\ReturnTypeWillChange] attribute should be used to temporarily suppress the notice in /home/u688141072/domains/transparentcard.com/public_html/wp-content/plugins/All-In-One-WP-Migration-With-Import-master/lib/vendor/servmask/filter/class-ai1wm-recursive-newline-filter.php on line 28
[24-Oct-2024 13:03:32 UTC] PHP Deprecated:  Creation of dynamic property NBD_Updates::$remote_url is deprecated in /home/u688141072/domains/transparentcard.com/public_html/wp-content/plugins/web-to-print-online-designer/includes/class-updates.php on line 25
[24-Oct-2024 13:03:32 UTC] PHP Deprecated:  Creation of dynamic property My_Design_Endpoint::$query_vars is deprecated in /home/u688141072/domains/transparentcard.com/public_html/wp-content/plugins/web-to-print-online-designer/includes/class.my.design.php on line 17
[24-Oct-2024 13:03:32 UTC] PHP Deprecated:  Creation of dynamic property Jet_Reviews_Ajax_Handlers::$sys_messages is deprecated in /home/u688141072/domains/transparentcard.com/public_html/wp-content/plugins/jet-reviews/includes/ajax-handlers.php on line 36
[24-Oct-2024 13:03:32 UTC] PHP Warning:  Undefined variable $style_path in /home/u688141072/domains/transparentcard.com/public_html/wp-content/plugins/web-to-print-online-designer/includes/block_woo/cart-item-blocks-integration.php on line 240
[24-Oct-2024 13:03:32 UTC] PHP Warning:  Undefined variable $style_path in /home/u688141072/domains/transparentcard.com/public_html/wp-content/plugins/web-to-print-online-designer/includes/block_woo/cart-item-blocks-integration.php on line 240
[24-Oct-2024 13:03:32 UTC] PHP Deprecated:  rtrim(): Passing null to parameter #1 ($string) of type string is deprecated in /home/u688141072/domains/transparentcard.com/public_html/wp-includes/formatting.php on line 2819
[24-Oct-2024 13:03:32 UTC] PHP Deprecated:  Return type of Ai1wm_Recursive_Directory_Iterator::hasChildren($allow_links = true) should either be compatible with RecursiveDirectoryIterator::hasChildren(bool $allowLinks = false): bool, or the #[\ReturnTypeWillChange] attribute should be used to temporarily suppress the notice in /home/u688141072/domains/transparentcard.com/public_html/wp-content/plugins/All-In-One-WP-Migration-With-Import-master/lib/vendor/servmask/iterator/class-ai1wm-recursive-directory-iterator.php on line 57
[24-Oct-2024 13:03:32 UTC] PHP Deprecated:  Return type of Ai1wm_Recursive_Directory_Iterator::rewind() should either be compatible with FilesystemIterator::rewind(): void, or the #[\ReturnTypeWillChange] attribute should be used to temporarily suppress the notice in /home/u688141072/domains/transparentcard.com/public_html/wp-content/plugins/All-In-One-WP-Migration-With-Import-master/lib/vendor/servmask/iterator/class-ai1wm-recursive-directory-iterator.php on line 35
[24-Oct-2024 13:03:32 UTC] PHP Deprecated:  Return type of Ai1wm_Recursive_Directory_Iterator::next() should either be compatible with DirectoryIterator::next(): void, or the #[\ReturnTypeWillChange] attribute should be used to temporarily suppress the notice in /home/u688141072/domains/transparentcard.com/public_html/wp-content/plugins/All-In-One-WP-Migration-With-Import-master/lib/vendor/servmask/iterator/class-ai1wm-recursive-directory-iterator.php on line 42
[24-Oct-2024 13:03:32 UTC] PHP Deprecated:  Return type of Ai1wm_Recursive_Extension_Filter::getChildren() should either be compatible with RecursiveFilterIterator::getChildren(): ?RecursiveFilterIterator, or the #[\ReturnTypeWillChange] attribute should be used to temporarily suppress the notice in /home/u688141072/domains/transparentcard.com/public_html/wp-content/plugins/All-In-One-WP-Migration-With-Import-master/lib/vendor/servmask/filter/class-ai1wm-recursive-extension-filter.php on line 47
[24-Oct-2024 13:03:32 UTC] PHP Deprecated:  Return type of Ai1wm_Recursive_Extension_Filter::accept() should either be compatible with FilterIterator::accept(): bool, or the #[\ReturnTypeWillChange] attribute should be used to temporarily suppress the notice in /home/u688141072/domains/transparentcard.com/public_html/wp-content/plugins/All-In-One-WP-Migration-With-Import-master/lib/vendor/servmask/filter/class-ai1wm-recursive-extension-filter.php on line 37
[24-Oct-2024 13:03:32 UTC] PHP Deprecated:  Return type of Ai1wm_Recursive_Exclude_Filter::getChildren() should either be compatible with RecursiveFilterIterator::getChildren(): ?RecursiveFilterIterator, or the #[\ReturnTypeWillChange] attribute should be used to temporarily suppress the notice in /home/u688141072/domains/transparentcard.com/public_html/wp-content/plugins/All-In-One-WP-Migration-With-Import-master/lib/vendor/servmask/filter/class-ai1wm-recursive-exclude-filter.php on line 41
[24-Oct-2024 13:03:32 UTC] PHP Deprecated:  Return type of Ai1wm_Recursive_Exclude_Filter::accept() should either be compatible with FilterIterator::accept(): bool, or the #[\ReturnTypeWillChange] attribute should be used to temporarily suppress the notice in /home/u688141072/domains/transparentcard.com/public_html/wp-content/plugins/All-In-One-WP-Migration-With-Import-master/lib/vendor/servmask/filter/class-ai1wm-recursive-exclude-filter.php on line 37
[24-Oct-2024 13:03:32 UTC] PHP Deprecated:  Return type of Ai1wm_Recursive_Newline_Filter::accept() should either be compatible with FilterIterator::accept(): bool, or the #[\ReturnTypeWillChange] attribute should be used to temporarily suppress the notice in /home/u688141072/domains/transparentcard.com/public_html/wp-content/plugins/All-In-One-WP-Migration-With-Import-master/lib/vendor/servmask/filter/class-ai1wm-recursive-newline-filter.php on line 28
[24-Oct-2024 13:03:32 UTC] PHP Deprecated:  Creation of dynamic property NBD_Updates::$remote_url is deprecated in /home/u688141072/domains/transparentcard.com/public_html/wp-content/plugins/web-to-print-online-designer/includes/class-updates.php on line 25
[24-Oct-2024 13:03:32 UTC] PHP Deprecated:  Creation of dynamic property My_Design_Endpoint::$query_vars is deprecated in /home/u688141072/domains/transparentcard.com/public_html/wp-content/plugins/web-to-print-online-designer/includes/class.my.design.php on line 17
[24-Oct-2024 13:03:32 UTC] PHP Deprecated:  Creation of dynamic property Jet_Reviews_Ajax_Handlers::$sys_messages is deprecated in /home/u688141072/domains/transparentcard.com/public_html/wp-content/plugins/jet-reviews/includes/ajax-handlers.php on line 36
[24-Oct-2024 13:03:33 UTC] PHP Warning:  Undefined variable $style_path in /home/u688141072/domains/transparentcard.com/public_html/wp-content/plugins/web-to-print-online-designer/includes/block_woo/cart-item-blocks-integration.php on line 240
[24-Oct-2024 13:03:33 UTC] PHP Warning:  Undefined variable $style_path in /home/u688141072/domains/transparentcard.com/public_html/wp-content/plugins/web-to-print-online-designer/includes/block_woo/cart-item-blocks-integration.php on line 240
[24-Oct-2024 13:03:33 UTC] PHP Deprecated:  Return type of Ai1wm_Recursive_Directory_Iterator::hasChildren($allow_links = true) should either be compatible with RecursiveDirectoryIterator::hasChildren(bool $allowLinks = false): bool, or the #[\ReturnTypeWillChange] attribute should be used to temporarily suppress the notice in /home/u688141072/domains/transparentcard.com/public_html/wp-content/plugins/All-In-One-WP-Migration-With-Import-master/lib/vendor/servmask/iterator/class-ai1wm-recursive-directory-iterator.php on line 57
[24-Oct-2024 13:03:33 UTC] PHP Deprecated:  Return type of Ai1wm_Recursive_Directory_Iterator::rewind() should either be compatible with FilesystemIterator::rewind(): void, or the #[\ReturnTypeWillChange] attribute should be used to temporarily suppress the notice in /home/u688141072/domains/transparentcard.com/public_html/wp-content/plugins/All-In-One-WP-Migration-With-Import-master/lib/vendor/servmask/iterator/class-ai1wm-recursive-directory-iterator.php on line 35
[24-Oct-2024 13:03:33 UTC] PHP Deprecated:  Return type of Ai1wm_Recursive_Directory_Iterator::next() should either be compatible with DirectoryIterator::next(): void, or the #[\ReturnTypeWillChange] attribute should be used to temporarily suppress the notice in /home/u688141072/domains/transparentcard.com/public_html/wp-content/plugins/All-In-One-WP-Migration-With-Import-master/lib/vendor/servmask/iterator/class-ai1wm-recursive-directory-iterator.php on line 42
[24-Oct-2024 13:03:33 UTC] PHP Deprecated:  Return type of Ai1wm_Recursive_Extension_Filter::getChildren() should either be compatible with RecursiveFilterIterator::getChildren(): ?RecursiveFilterIterator, or the #[\ReturnTypeWillChange] attribute should be used to temporarily suppress the notice in /home/u688141072/domains/transparentcard.com/public_html/wp-content/plugins/All-In-One-WP-Migration-With-Import-master/lib/vendor/servmask/filter/class-ai1wm-recursive-extension-filter.php on line 47
[24-Oct-2024 13:03:33 UTC] PHP Deprecated:  Return type of Ai1wm_Recursive_Extension_Filter::accept() should either be compatible with FilterIterator::accept(): bool, or the #[\ReturnTypeWillChange] attribute should be used to temporarily suppress the notice in /home/u688141072/domains/transparentcard.com/public_html/wp-content/plugins/All-In-One-WP-Migration-With-Import-master/lib/vendor/servmask/filter/class-ai1wm-recursive-extension-filter.php on line 37
[24-Oct-2024 13:03:33 UTC] PHP Deprecated:  Return type of Ai1wm_Recursive_Exclude_Filter::getChildren() should either be compatible with RecursiveFilterIterator::getChildren(): ?RecursiveFilterIterator, or the #[\ReturnTypeWillChange] attribute should be used to temporarily suppress the notice in /home/u688141072/domains/transparentcard.com/public_html/wp-content/plugins/All-In-One-WP-Migration-With-Import-master/lib/vendor/servmask/filter/class-ai1wm-recursive-exclude-filter.php on line 41
[24-Oct-2024 13:03:33 UTC] PHP Deprecated:  Return type of Ai1wm_Recursive_Exclude_Filter::accept() should either be compatible with FilterIterator::accept(): bool, or the #[\ReturnTypeWillChange] attribute should be used to temporarily suppress the notice in /home/u688141072/domains/transparentcard.com/public_html/wp-content/plugins/All-In-One-WP-Migration-With-Import-master/lib/vendor/servmask/filter/class-ai1wm-recursive-exclude-filter.php on line 37
[24-Oct-2024 13:03:33 UTC] PHP Deprecated:  Return type of Ai1wm_Recursive_Newline_Filter::accept() should either be compatible with FilterIterator::accept(): bool, or the #[\ReturnTypeWillChange] attribute should be used to temporarily suppress the notice in /home/u688141072/domains/transparentcard.com/public_html/wp-content/plugins/All-In-One-WP-Migration-With-Import-master/lib/vendor/servmask/filter/class-ai1wm-recursive-newline-filter.php on line 28
[24-Oct-2024 13:03:33 UTC] PHP Deprecated:  Creation of dynamic property NBD_Updates::$remote_url is deprecated in /home/u688141072/domains/transparentcard.com/public_html/wp-content/plugins/web-to-print-online-designer/includes/class-updates.php on line 25
[24-Oct-2024 13:03:33 UTC] PHP Deprecated:  Creation of dynamic property My_Design_Endpoint::$query_vars is deprecated in /home/u688141072/domains/transparentcard.com/public_html/wp-content/plugins/web-to-print-online-designer/includes/class.my.design.php on line 17
[24-Oct-2024 13:03:33 UTC] PHP Deprecated:  Creation of dynamic property Jet_Reviews_Ajax_Handlers::$sys_messages is deprecated in /home/u688141072/domains/transparentcard.com/public_html/wp-content/plugins/jet-reviews/includes/ajax-handlers.php on line 36
[24-Oct-2024 13:03:34 UTC] PHP Warning:  Undefined variable $style_path in /home/u688141072/domains/transparentcard.com/public_html/wp-content/plugins/web-to-print-online-designer/includes/block_woo/cart-item-blocks-integration.php on line 240
[24-Oct-2024 13:03:34 UTC] PHP Warning:  Undefined variable $style_path in /home/u688141072/domains/transparentcard.com/public_html/wp-content/plugins/web-to-print-online-designer/includes/block_woo/cart-item-blocks-integration.php on line 240
[24-Oct-2024 13:03:34 UTC] PHP Deprecated:  rtrim(): Passing null to parameter #1 ($string) of type string is deprecated in /home/u688141072/domains/transparentcard.com/public_html/wp-includes/formatting.php on line 2819
[24-Oct-2024 13:03:35 UTC] PHP Deprecated:  Return type of Ai1wm_Recursive_Directory_Iterator::hasChildren($allow_links = true) should either be compatible with RecursiveDirectoryIterator::hasChildren(bool $allowLinks = false): bool, or the #[\ReturnTypeWillChange] attribute should be used to temporarily suppress the notice in /home/u688141072/domains/transparentcard.com/public_html/wp-content/plugins/All-In-One-WP-Migration-With-Import-master/lib/vendor/servmask/iterator/class-ai1wm-recursive-directory-iterator.php on line 57
[24-Oct-2024 13:03:35 UTC] PHP Deprecated:  Return type of Ai1wm_Recursive_Directory_Iterator::rewind() should either be compatible with FilesystemIterator::rewind(): void, or the #[\ReturnTypeWillChange] attribute should be used to temporarily suppress the notice in /home/u688141072/domains/transparentcard.com/public_html/wp-content/plugins/All-In-One-WP-Migration-With-Import-master/lib/vendor/servmask/iterator/class-ai1wm-recursive-directory-iterator.php on line 35
[24-Oct-2024 13:03:35 UTC] PHP Deprecated:  Return type of Ai1wm_Recursive_Directory_Iterator::next() should either be compatible with DirectoryIterator::next(): void, or the #[\ReturnTypeWillChange] attribute should be used to temporarily suppress the notice in /home/u688141072/domains/transparentcard.com/public_html/wp-content/plugins/All-In-One-WP-Migration-With-Import-master/lib/vendor/servmask/iterator/class-ai1wm-recursive-directory-iterator.php on line 42
[24-Oct-2024 13:03:35 UTC] PHP Deprecated:  Return type of Ai1wm_Recursive_Extension_Filter::getChildren() should either be compatible with RecursiveFilterIterator::getChildren(): ?RecursiveFilterIterator, or the #[\ReturnTypeWillChange] attribute should be used to temporarily suppress the notice in /home/u688141072/domains/transparentcard.com/public_html/wp-content/plugins/All-In-One-WP-Migration-With-Import-master/lib/vendor/servmask/filter/class-ai1wm-recursive-extension-filter.php on line 47
[24-Oct-2024 13:03:35 UTC] PHP Deprecated:  Return type of Ai1wm_Recursive_Extension_Filter::accept() should either be compatible with FilterIterator::accept(): bool, or the #[\ReturnTypeWillChange] attribute should be used to temporarily suppress the notice in /home/u688141072/domains/transparentcard.com/public_html/wp-content/plugins/All-In-One-WP-Migration-With-Import-master/lib/vendor/servmask/filter/class-ai1wm-recursive-extension-filter.php on line 37
[24-Oct-2024 13:03:35 UTC] PHP Deprecated:  Return type of Ai1wm_Recursive_Exclude_Filter::getChildren() should either be compatible with RecursiveFilterIterator::getChildren(): ?RecursiveFilterIterator, or the #[\ReturnTypeWillChange] attribute should be used to temporarily suppress the notice in /home/u688141072/domains/transparentcard.com/public_html/wp-content/plugins/All-In-One-WP-Migration-With-Import-master/lib/vendor/servmask/filter/class-ai1wm-recursive-exclude-filter.php on line 41
[24-Oct-2024 13:03:35 UTC] PHP Deprecated:  Return type of Ai1wm_Recursive_Exclude_Filter::accept() should either be compatible with FilterIterator::accept(): bool, or the #[\ReturnTypeWillChange] attribute should be used to temporarily suppress the notice in /home/u688141072/domains/transparentcard.com/public_html/wp-content/plugins/All-In-One-WP-Migration-With-Import-master/lib/vendor/servmask/filter/class-ai1wm-recursive-exclude-filter.php on line 37
[24-Oct-2024 13:03:35 UTC] PHP Deprecated:  Return type of Ai1wm_Recursive_Newline_Filter::accept() should either be compatible with FilterIterator::accept(): bool, or the #[\ReturnTypeWillChange] attribute should be used to temporarily suppress the notice in /home/u688141072/domains/transparentcard.com/public_html/wp-content/plugins/All-In-One-WP-Migration-With-Import-master/lib/vendor/servmask/filter/class-ai1wm-recursive-newline-filter.php on line 28
[24-Oct-2024 13:03:35 UTC] PHP Deprecated:  Creation of dynamic property NBD_Updates::$remote_url is deprecated in /home/u688141072/domains/transparentcard.com/public_html/wp-content/plugins/web-to-print-online-designer/includes/class-updates.php on line 25
[24-Oct-2024 13:03:35 UTC] PHP Deprecated:  Creation of dynamic property My_Design_Endpoint::$query_vars is deprecated in /home/u688141072/domains/transparentcard.com/public_html/wp-content/plugins/web-to-print-online-designer/includes/class.my.design.php on line 17
[24-Oct-2024 13:03:35 UTC] PHP Deprecated:  Creation of dynamic property Jet_Reviews_Ajax_Handlers::$sys_messages is deprecated in /home/u688141072/domains/transparentcard.com/public_html/wp-content/plugins/jet-reviews/includes/ajax-handlers.php on line 36
[24-Oct-2024 13:03:35 UTC] PHP Warning:  Undefined variable $style_path in /home/u688141072/domains/transparentcard.com/public_html/wp-content/plugins/web-to-print-online-designer/includes/block_woo/cart-item-blocks-integration.php on line 240
[24-Oct-2024 13:03:35 UTC] PHP Warning:  Undefined variable $style_path in /home/u688141072/domains/transparentcard.com/public_html/wp-content/plugins/web-to-print-online-designer/includes/block_woo/cart-item-blocks-integration.php on line 240
[24-Oct-2024 13:03:35 UTC] PHP Deprecated:  rtrim(): Passing null to parameter #1 ($string) of type string is deprecated in /home/u688141072/domains/transparentcard.com/public_html/wp-includes/formatting.php on line 2819
[24-Oct-2024 13:03:37 UTC] PHP Deprecated:  rtrim(): Passing null to parameter #1 ($string) of type string is deprecated in /home/u688141072/domains/transparentcard.com/public_html/wp-includes/formatting.php on line 2819
[24-Oct-2024 13:03:37 UTC] PHP Deprecated:  Return type of Ai1wm_Recursive_Directory_Iterator::hasChildren($allow_links = true) should either be compatible with RecursiveDirectoryIterator::hasChildren(bool $allowLinks = false): bool, or the #[\ReturnTypeWillChange] attribute should be used to temporarily suppress the notice in /home/u688141072/domains/transparentcard.com/public_html/wp-content/plugins/All-In-One-WP-Migration-With-Import-master/lib/vendor/servmask/iterator/class-ai1wm-recursive-directory-iterator.php on line 57
[24-Oct-2024 13:03:37 UTC] PHP Deprecated:  Return type of Ai1wm_Recursive_Directory_Iterator::rewind() should either be compatible with FilesystemIterator::rewind(): void, or the #[\ReturnTypeWillChange] attribute should be used to temporarily suppress the notice in /home/u688141072/domains/transparentcard.com/public_html/wp-content/plugins/All-In-One-WP-Migration-With-Import-master/lib/vendor/servmask/iterator/class-ai1wm-recursive-directory-iterator.php on line 35
[24-Oct-2024 13:03:37 UTC] PHP Deprecated:  Return type of Ai1wm_Recursive_Directory_Iterator::next() should either be compatible with DirectoryIterator::next(): void, or the #[\ReturnTypeWillChange] attribute should be used to temporarily suppress the notice in /home/u688141072/domains/transparentcard.com/public_html/wp-content/plugins/All-In-One-WP-Migration-With-Import-master/lib/vendor/servmask/iterator/class-ai1wm-recursive-directory-iterator.php on line 42
[24-Oct-2024 13:03:37 UTC] PHP Deprecated:  Return type of Ai1wm_Recursive_Extension_Filter::getChildren() should either be compatible with RecursiveFilterIterator::getChildren(): ?RecursiveFilterIterator, or the #[\ReturnTypeWillChange] attribute should be used to temporarily suppress the notice in /home/u688141072/domains/transparentcard.com/public_html/wp-content/plugins/All-In-One-WP-Migration-With-Import-master/lib/vendor/servmask/filter/class-ai1wm-recursive-extension-filter.php on line 47
[24-Oct-2024 13:03:37 UTC] PHP Deprecated:  Return type of Ai1wm_Recursive_Extension_Filter::accept() should either be compatible with FilterIterator::accept(): bool, or the #[\ReturnTypeWillChange] attribute should be used to temporarily suppress the notice in /home/u688141072/domains/transparentcard.com/public_html/wp-content/plugins/All-In-One-WP-Migration-With-Import-master/lib/vendor/servmask/filter/class-ai1wm-recursive-extension-filter.php on line 37
[24-Oct-2024 13:03:37 UTC] PHP Deprecated:  Return type of Ai1wm_Recursive_Exclude_Filter::getChildren() should either be compatible with RecursiveFilterIterator::getChildren(): ?RecursiveFilterIterator, or the #[\ReturnTypeWillChange] attribute should be used to temporarily suppress the notice in /home/u688141072/domains/transparentcard.com/public_html/wp-content/plugins/All-In-One-WP-Migration-With-Import-master/lib/vendor/servmask/filter/class-ai1wm-recursive-exclude-filter.php on line 41
[24-Oct-2024 13:03:37 UTC] PHP Deprecated:  Return type of Ai1wm_Recursive_Exclude_Filter::accept() should either be compatible with FilterIterator::accept(): bool, or the #[\ReturnTypeWillChange] attribute should be used to temporarily suppress the notice in /home/u688141072/domains/transparentcard.com/public_html/wp-content/plugins/All-In-One-WP-Migration-With-Import-master/lib/vendor/servmask/filter/class-ai1wm-recursive-exclude-filter.php on line 37
[24-Oct-2024 13:03:37 UTC] PHP Deprecated:  Return type of Ai1wm_Recursive_Newline_Filter::accept() should either be compatible with FilterIterator::accept(): bool, or the #[\ReturnTypeWillChange] attribute should be used to temporarily suppress the notice in /home/u688141072/domains/transparentcard.com/public_html/wp-content/plugins/All-In-One-WP-Migration-With-Import-master/lib/vendor/servmask/filter/class-ai1wm-recursive-newline-filter.php on line 28
[24-Oct-2024 13:03:38 UTC] PHP Deprecated:  Creation of dynamic property NBD_Updates::$remote_url is deprecated in /home/u688141072/domains/transparentcard.com/public_html/wp-content/plugins/web-to-print-online-designer/includes/class-updates.php on line 25
[24-Oct-2024 13:03:38 UTC] PHP Deprecated:  Creation of dynamic property My_Design_Endpoint::$query_vars is deprecated in /home/u688141072/domains/transparentcard.com/public_html/wp-content/plugins/web-to-print-online-designer/includes/class.my.design.php on line 17
[24-Oct-2024 13:03:38 UTC] PHP Deprecated:  Creation of dynamic property Jet_Reviews_Ajax_Handlers::$sys_messages is deprecated in /home/u688141072/domains/transparentcard.com/public_html/wp-content/plugins/jet-reviews/includes/ajax-handlers.php on line 36
[24-Oct-2024 13:03:38 UTC] PHP Warning:  Undefined variable $style_path in /home/u688141072/domains/transparentcard.com/public_html/wp-content/plugins/web-to-print-online-designer/includes/block_woo/cart-item-blocks-integration.php on line 240
[24-Oct-2024 13:03:38 UTC] PHP Warning:  Undefined variable $style_path in /home/u688141072/domains/transparentcard.com/public_html/wp-content/plugins/web-to-print-online-designer/includes/block_woo/cart-item-blocks-integration.php on line 240
